Removed Pin From Net: NetName=RF_CSA Pin=XS1-1
Removed Pin From Net: NetName=GDO0A Pin=XS1-2
Removed Pin From Net: NetName=GDO2A Pin=XS1-3
Removed Pin From Net: NetName=MISO Pin=XS1-4
Removed Pin From Net: NetName=SCLK Pin=XS1-5
Removed Pin From Net: NetName=MOSI Pin=XS1-6
Removed Pin From Net: NetName=+3.3V Pin=XS2-1
Removed Pin From Net: NetName=DGND Pin=XS2-2
Removed Member From Class: ClassName=RF-433RX Member=XS1
Removed Member From Class: ClassName=RF-433RX Member=XS2
Added Component: Designator=P?(HDR2X4-Z)
Add component. Clean all parameters for all variants
Add component (AddParameter): Name = "LatestRevisionDate"; Value = "17-Jul-2002"; VariantName = "[No Variations]"
Add component (AddParameter): Name = "LatestRevisionNote"; Value = "Re-released for DXP Platform."; VariantName = "[No Variations]"
Add component (AddParameter): Name = "Publisher"; Value = "Altium Limited"; VariantName = "[No Variations]"
Added Pin To Net: NetName=DGND Pin=P?-1
Added Pin To Net: NetName=+3.3V Pin=P?-2
Added Pin To Net: NetName=RF_CSA Pin=P?-3
Added Pin To Net: NetName=GDO0A Pin=P?-4
Added Pin To Net: NetName=SCLK Pin=P?-5
Added Pin To Net: NetName=MOSI Pin=P?-6
Added Pin To Net: NetName=MISO Pin=P?-7
Added Pin To Net: NetName=GDO2A Pin=P?-8
Added Member To Class: ClassName=RF-433RX Member=Component P? Header 4X2
